#
# A fatal error has been detected by the Java Runtime Environment:
#
#  EXCEPTION_ACCESS_VIOLATION (0xc0000005) at pc=0x0000000002f55b06, pid=8584, tid=4760
#
# JRE version: Java(TM) SE Runtime Environment (8.0_25-b18) (build 1.8.0_25-b18)
# Java VM: Java HotSpot(TM) 64-Bit Server VM (25.25-b02 mixed mode windows-amd64 compressed oops)
# Problematic frame:
# J 3924 C1 org.codehaus.groovy.runtime.callsite.PojoMetaMethodSite.checkCall(Ljava/lang/Object;Ljava/lang/Object;)Z (56 bytes) @ 0x0000000002f55b06 [0x0000000002f55ac0+0x46]
#
# Failed to write core dump. Minidumps are not enabled by default on client versions of Windows
#
# If you would like to submit a bug report, please visit:
#   http://bugreport.sun.com/bugreport/crash.jsp
#

---------------  T H R E A D  ---------------

Current thread (0x000000001dae5800):  JavaThread "http-nio-8080-exec-12" daemon [_thread_in_Java, id=4760, stack(0x000000001fb10000,0x000000001fc10000)]

siginfo: ExceptionCode=0xc0000005, reading address 0x0000000000000068

Registers:
RAX=0x0000000014180568, RBX=0x0000000014180568, RCX=0x00000000d9f97b10, RDX=0x00000000d9f97b10
RSP=0x000000001fc05340, RBP=0x000000001fc05448, RSI=0x0000000000000000, RDI=0x00000000d07cd3b8
R8 =0x00000000d5c83701, R9 =0x00000000d9f9a090, R10=0x000000005f8d6260, R11=0x0000000002f55ae0
R12=0x0000000000000000, R13=0x000000001fc053f0, R14=0x000000001fc05468, R15=0x000000001dae5800
RIP=0x0000000002f55b06, EFLAGS=0x0000000000010246

Top of Stack: (sp=0x000000001fc05340)
0x000000001fc05340:   000000001fc054b0 00000000d07cd3b8
0x000000001fc05350:   00000000d0262160 0000000000000001
0x000000001fc05360:   000000001fc05578 00000000d9f9a090
0x000000001fc05370:   00001febf41114c7 00000000d4394da0
0x000000001fc05380:   00000000d950d0b0 00000000d9f9a080
0x000000001fc05390:   00000000d43805a8 0000000000000000
0x000000001fc053a0:   00000000d9f97b10 00000000d9f9a090
0x000000001fc053b0:   00000000d5c83701 000000005f1bd343
0x000000001fc053c0:   000000001fc054b0 0000000002b0bddc
0x000000001fc053d0:   000000001fc05448 00000000025c72a0
0x000000001fc053e0:   0000000019267190 00000000025c72a0
0x000000001fc053f0:   00000000d9f9a090 00000000d5c83701
0x000000001fc05400:   00000000d9f97b10 000000001fc05408
0x000000001fc05410:   000000001ef52863 000000001fc05468
0x000000001fc05420:   000000001ef52908 0000000000000000
0x000000001fc05430:   000000001ef52898 000000001fc053f0 

Instructions: (pc=0x0000000002f55b06)
0x0000000002f55ae6:   ff 55 48 81 ec 90 00 00 00 48 89 54 24 60 4c 89
0x0000000002f55af6:   44 24 70 4c 89 4c 24 68 41 8b 70 08 48 c1 e6 03
0x0000000002f55b06:   48 8b 76 68 8b 7a 18 48 8b d7 48 89 74 24 58 48
0x0000000002f55b16:   b8 08 b7 0a 00 01 00 00 00 e8 bc 9c b5 ff 48 8b 


Register to memory mapping:

RAX={method} {0x0000000014180570} 'checkCall' '(Ljava/lang/Object;Ljava/lang/Object;)Z' in 'org/codehaus/groovy/runtime/callsite/PojoMetaMethodSite'
RBX={method} {0x0000000014180570} 'checkCall' '(Ljava/lang/Object;Ljava/lang/Object;)Z' in 'org/codehaus/groovy/runtime/callsite/PojoMetaMethodSite'
RCX=0x00000000d9f97b10 is an oop
org.springframework.security.authentication.AuthenticationTrustResolver$isAnonymous 
 - klass: 'org/springframework/security/authentication/AuthenticationTrustResolver$isAnonymous'
RDX=0x00000000d9f97b10 is an oop
org.springframework.security.authentication.AuthenticationTrustResolver$isAnonymous 
 - klass: 'org/springframework/security/authentication/AuthenticationTrustResolver$isAnonymous'
RSP=0x000000001fc05340 is pointing into the stack for thread: 0x000000001dae5800
RBP=0x000000001fc05448 is pointing into the stack for thread: 0x000000001dae5800
RSI=0x0000000000000000 is an unknown value
RDI=0x00000000d07cd3b8 is an oop
[Ljava.lang.Object; 
 - klass: 'java/lang/Object'[]
 - length: 0
R8 =0x00000000d5c83701 is pointing into object: 0x00000000d5c836b0
[Ljava.lang.Object; 
 - klass: 'java/lang/Object'[]
 - length: 17
R9 =0x00000000d9f9a090 is an oop
org.springframework.security.authentication.UsernamePasswordAuthenticationToken 
 - klass: 'org/springframework/security/authentication/UsernamePasswordAuthenticationToken'
R10=0x000000005f8d6260 is an unknown value
R11=0x0000000002f55ae0 is at entry_point+32 in (nmethod*)0x0000000002f55910
R12=0x0000000000000000 is an unknown value
R13=0x000000001fc053f0 is pointing into the stack for thread: 0x000000001dae5800
R14=0x000000001fc05468 is pointing into the stack for thread: 0x000000001dae5800
R15=0x000000001dae5800 is a thread


Stack: [0x000000001fb10000,0x000000001fc10000],  sp=0x000000001fc05340,  free space=980k
Native frames: (J=compiled Java code, j=interpreted, Vv=VM code, C=native code)
C  0x0000000002f55b06


---------------  P R O C E S S  ---------------

Java Threads: ( => current thread )
  0x000000001daed000 JavaThread "http-nio-8080-exec-15" daemon [_thread_blocked, id=8128, stack(0x0000000020e10000,0x0000000020f10000)]
  0x000000001dae6800 JavaThread "http-nio-8080-exec-14" daemon [_thread_blocked, id=6036, stack(0x0000000020d10000,0x0000000020e10000)]
  0x000000001dae8000 JavaThread "http-nio-8080-exec-13" daemon [_thread_blocked, id=8796, stack(0x0000000020c10000,0x0000000020d10000)]
  0x000000001dae4000 JavaThread "Thread-18" daemon [_thread_blocked, id=10480, stack(0x0000000020910000,0x0000000020a10000)]
  0x000000001dae5000 JavaThread "pl.fork.auth.Role.data" daemon [_thread_blocked, id=4508, stack(0x0000000020810000,0x0000000020910000)]
  0x000000001daeb800 JavaThread "net.sf.ehcache.CacheManager@2b481359" daemon [_thread_blocked, id=5680, stack(0x0000000020710000,0x0000000020810000)]
=>0x000000001dae5800 JavaThread "http-nio-8080-exec-12" daemon [_thread_in_Java, id=4760, stack(0x000000001fb10000,0x000000001fc10000)]
  0x000000001dae3800 JavaThread "http-nio-8080-exec-10" daemon [_thread_blocked, id=8100, stack(0x000000001f910000,0x000000001fa10000)]
  0x000000001dae9800 JavaThread "http-nio-8080-exec-9" daemon [_thread_blocked, id=10424, stack(0x000000001f810000,0x000000001f910000)]
  0x000000001daea000 JavaThread "http-nio-8080-exec-8" daemon [_thread_blocked, id=3144, stack(0x000000001f710000,0x000000001f810000)]
  0x000000001dae2800 JavaThread "http-nio-8080-exec-7" daemon [_thread_blocked, id=2676, stack(0x000000001f610000,0x000000001f710000)]
  0x000000001dae2000 JavaThread "http-nio-8080-exec-6" daemon [_thread_blocked, id=2528, stack(0x000000001f510000,0x000000001f610000)]
  0x000000001dae8800 JavaThread "http-nio-8080-exec-5" daemon [_thread_blocked, id=8852, stack(0x000000001f410000,0x000000001f510000)]
  0x000000001dae7000 JavaThread "http-nio-8080-exec-4" daemon [_thread_blocked, id=5012, stack(0x000000001f310000,0x000000001f410000)]
  0x000000001dae1000 JavaThread "http-nio-8080-exec-3" daemon [_thread_blocked, id=1724, stack(0x000000001f210000,0x000000001f310000)]
  0x000000001d591800 JavaThread "http-nio-8080-exec-2" daemon [_thread_blocked, id=3936, stack(0x000000001f110000,0x000000001f210000)]
  0x000000001d596800 JavaThread "DestroyJavaVM" [_thread_blocked, id=7836, stack(0x00000000022c0000,0x00000000023c0000)]
  0x000000001d592000 JavaThread "Thread-13" daemon [_thread_blocked, id=9984, stack(0x000000001eb10000,0x000000001ec10000)]
  0x000000001d593000 JavaThread "Thread-15" [_thread_blocked, id=6824, stack(0x000000001ea10000,0x000000001eb10000)]
  0x000000001d595000 JavaThread "Thread-14" daemon [_thread_in_native, id=9972, stack(0x000000001e910000,0x000000001ea10000)]
  0x000000001d594800 JavaThread "http-nio-8080-Acceptor-0" daemon [_thread_in_native, id=10580, stack(0x000000001e810000,0x000000001e910000)]
  0x000000001d593800 JavaThread "http-nio-8080-ClientPoller-1" daemon [_thread_in_native, id=8776, stack(0x000000001e710000,0x000000001e810000)]
  0x000000001d596000 JavaThread "http-nio-8080-ClientPoller-0" daemon [_thread_in_native, id=8688, stack(0x000000001e610000,0x000000001e710000)]
  0x000000001a93c000 JavaThread "NioBlockingSelector.BlockPoller-1" daemon [_thread_in_native, id=9392, stack(0x000000001e510000,0x000000001e610000)]
  0x000000001758e000 JavaThread "threadPoolExecutor-4" daemon [_thread_blocked, id=11912, stack(0x000000001d440000,0x000000001d540000)]
  0x0000000019b0b800 JavaThread "threadPoolExecutor-3" daemon [_thread_blocked, id=8276, stack(0x000000001d340000,0x000000001d440000)]
  0x000000001758b800 JavaThread "threadPoolExecutor-2" daemon [_thread_blocked, id=10196, stack(0x000000001d240000,0x000000001d340000)]
  0x0000000016391800 JavaThread "threadPoolExecutor-1" daemon [_thread_blocked, id=6612, stack(0x000000001cb40000,0x000000001cc40000)]
  0x000000001756e000 JavaThread "container-0" [_thread_blocked, id=11760, stack(0x000000001c440000,0x000000001c540000)]
  0x000000001756d800 JavaThread "ContainerBackgroundProcessor[StandardEngine[Tomcat].StandardHost[localhost].StandardContext[]]" daemon [_thread_blocked, id=10148, stack(0x000000001c340000,0x000000001c440000)]
  0x000000001a18b800 JavaThread "PoolCleaner[1482968390:1447601923565]" daemon [_thread_blocked, id=6932, stack(0x000000001b140000,0x000000001b240000)]
  0x0000000016231800 JavaThread "FileSystemWatcher: files=#123 cl=sun.misc.Launcher$AppClassLoader@58644d46" daemon [_thread_blocked, id=4384, stack(0x0000000016c80000,0x0000000016d80000)]
  0x0000000015fef000 JavaThread "Service Thread" daemon [_thread_blocked, id=10524, stack(0x0000000016a80000,0x0000000016b80000)]
  0x0000000015fee000 JavaThread "C1 CompilerThread2" daemon [_thread_blocked, id=8172, stack(0x0000000016980000,0x0000000016a80000)]
  0x0000000015fbd000 JavaThread "C2 CompilerThread1" daemon [_thread_blocked, id=3932, stack(0x0000000016880000,0x0000000016980000)]
  0x0000000015fe3000 JavaThread "C2 CompilerThread0" daemon [_thread_blocked, id=2312, stack(0x0000000016780000,0x0000000016880000)]
  0x0000000015fbb000 JavaThread "JDWP Command Reader" daemon [_thread_in_native, id=12004, stack(0x0000000016680000,0x0000000016780000)]
  0x0000000015fd4800 JavaThread "JDWP Event Helper Thread" daemon [_thread_blocked, id=7128, stack(0x0000000016580000,0x0000000016680000)]
  0x0000000015fac000 JavaThread "JDWP Transport Listener: dt_socket" daemon [_thread_blocked, id=10664, stack(0x0000000016480000,0x0000000016580000)]
  0x0000000014347000 JavaThread "Attach Listener" daemon [_thread_blocked, id=3572, stack(0x0000000015780000,0x0000000015880000)]
  0x0000000014345800 JavaThread "Signal Dispatcher" daemon [_thread_blocked, id=8860, stack(0x0000000015680000,0x0000000015780000)]
  0x00000000024be000 JavaThread "Finalizer" daemon [_thread_blocked, id=9364, stack(0x0000000015580000,0x0000000015680000)]
  0x00000000024bb000 JavaThread "Reference Handler" daemon [_thread_blocked, id=7464, stack(0x0000000015480000,0x0000000015580000)]

Other Threads:
  0x00000000142f5800 VMThread [stack: 0x0000000015380000,0x0000000015480000] [id=5756]
  0x0000000015ff0000 WatcherThread [stack: 0x0000000016b80000,0x0000000016c80000] [id=7360]

VM state:not at safepoint (normal execution)

VM Mutex/Monitor currently owned by a thread: None

Heap:
 PSYoungGen      total 213504K, used 75347K [0x00000000f0000000, 0x0000000100000000, 0x0000000100000000)
  eden space 210944K, 34% used [0x00000000f0000000,0x00000000f4744f10,0x00000000fce00000)
  from space 2560K, 92% used [0x00000000fce00000,0x00000000fd050000,0x00000000fd080000)
  to   space 26112K, 0% used [0x00000000fe680000,0x00000000fe680000,0x0000000100000000)
 ParOldGen       total 524288K, used 188810K [0x00000000d0000000, 0x00000000f0000000, 0x00000000f0000000)
  object space 524288K, 36% used [0x00000000d0000000,0x00000000db862a20,0x00000000f0000000)
 Metaspace       used 84540K, capacity 90708K, committed 90840K, reserved 1128448K
  class space    used 10190K, capacity 11975K, committed 11992K, reserved 1048576K

Card table byte_map: [0x0000000011980000,0x0000000011b10000] byte_map_base: 0x0000000011300000

Marking Bits: (ParMarkBitMap*) 0x000000005f8ed490
 Begin Bits: [0x0000000012010000, 0x0000000012c10000)
 End Bits:   [0x0000000012c10000, 0x0000000013810000)

Polling page: 0x0000000000450000

CodeCache: size=245760Kb used=30563Kb max_used=30563Kb free=215196Kb
 bounds [0x00000000025c0000, 0x00000000043b0000, 0x00000000115c0000]
 total_blobs=14381 nmethods=13602 adapters=697
 compilation: enabled

Compilation events (10 events):
Event: 2070.025 Thread 0x0000000015fee000 13948  s    1       java.lang.Throwable::getOurStackTrace (80 bytes)
Event: 2070.026 Thread 0x0000000015fee000 nmethod 13948 0x000000000439e750 code [0x000000000439e8e0, 0x000000000439edb8]
Event: 2070.026 Thread 0x0000000015fee000 13949   !   1       ch.qos.logback.classic.spi.PackagingDataCalculator::bestEffortLoadClass (63 bytes)
Event: 2070.027 Thread 0x0000000015fee000 nmethod 13949 0x000000000439efd0 code [0x000000000439f1e0, 0x000000000439f8a8]
Event: 2070.067 Thread 0x0000000015fee000 13950       1       groovy.lang.IntRange::contains (103 bytes)
Event: 2070.067 Thread 0x0000000015fee000 nmethod 13950 0x000000000439ff50 code [0x00000000043a0120, 0x00000000043a0538]
Event: 2070.075 Thread 0x0000000015fee000 13951       1       org.grails.exceptions.reporting.DefaultStackTracePrinter::getMetaClass (23 bytes)
Event: 2070.075 Thread 0x0000000015fee000 nmethod 13951 0x00000000043a0850 code [0x00000000043a09c0, 0x00000000043a0b48]
Event: 2070.093 Thread 0x0000000015fee000 13952       1       org.grails.core.io.DefaultResourceLocator::findResourceForClassName (157 bytes)
Event: 2070.094 Thread 0x0000000015fee000 nmethod 13952 0x00000000043a0bd0 code [0x00000000043a0e40, 0x00000000043a15f8]

GC Heap History (10 events):
Event: 2040.354 GC heap before
{Heap before GC invocations=98 (full 3):
 PSYoungGen      total 237056K, used 228034K [0x00000000f0000000, 0x0000000100000000, 0x0000000100000000)
  eden space 211456K, 99% used [0x00000000f0000000,0x00000000fcde0c90,0x00000000fce80000)
  from space 25600K, 67% used [0x00000000fe700000,0x00000000ff7cfc18,0x0000000100000000)
  to   space 25088K, 0% used [0x00000000fce80000,0x00000000fce80000,0x00000000fe700000)
 ParOldGen       total 524288K, used 174521K [0x00000000d0000000, 0x00000000f0000000, 0x00000000f0000000)
  object space 524288K, 33% used [0x00000000d0000000,0x00000000daa6e4f8,0x00000000f0000000)
 Metaspace       used 84362K, capacity 90378K, committed 90584K, reserved 1128448K
  class space    used 10158K, capacity 11868K, committed 11992K, reserved 1048576K
Event: 2040.368 GC heap after
Heap after GC invocations=98 (full 3):
 PSYoungGen      total 236544K, used 14639K [0x00000000f0000000, 0x0000000100000000, 0x0000000100000000)
  eden space 211456K, 0% used [0x00000000f0000000,0x00000000f0000000,0x00000000fce80000)
  from space 25088K, 58% used [0x00000000fce80000,0x00000000fdccbfe8,0x00000000fe700000)
  to   space 24576K, 0% used [0x00000000fe800000,0x00000000fe800000,0x0000000100000000)
 ParOldGen       total 524288K, used 182556K [0x00000000d0000000, 0x00000000f0000000, 0x00000000f0000000)
  object space 524288K, 34% used [0x00000000d0000000,0x00000000db247260,0x00000000f0000000)
 Metaspace       used 84362K, capacity 90378K, committed 90584K, reserved 1128448K
  class space    used 10158K, capacity 11868K, committed 11992K, reserved 1048576K
}
Event: 2046.844 GC heap before
{Heap before GC invocations=99 (full 3):
 PSYoungGen      total 236544K, used 225901K [0x00000000f0000000, 0x0000000100000000, 0x0000000100000000)
  eden space 211456K, 99% used [0x00000000f0000000,0x00000000fce4f5a8,0x00000000fce80000)
  from space 25088K, 58% used [0x00000000fce80000,0x00000000fdccbfe8,0x00000000fe700000)
  to   space 24576K, 0% used [0x00000000fe800000,0x00000000fe800000,0x0000000100000000)
 ParOldGen       total 524288K, used 182556K [0x00000000d0000000, 0x00000000f0000000, 0x00000000f0000000)
  object space 524288K, 34% used [0x00000000d0000000,0x00000000db247260,0x00000000f0000000)
 Metaspace       used 84365K, capacity 90390K, committed 90584K, reserved 1128448K
  class space    used 10159K, capacity 11870K, committed 11992K, reserved 1048576K
Event: 2046.853 GC heap after
Heap after GC invocations=99 (full 3):
 PSYoungGen      total 236544K, used 9024K [0x00000000f0000000, 0x0000000100000000, 0x0000000100000000)
  eden space 211968K, 0% used [0x00000000f0000000,0x00000000f0000000,0x00000000fcf00000)
  from space 24576K, 36% used [0x00000000fe800000,0x00000000ff0d02e0,0x0000000100000000)
  to   space 25088K, 0% used [0x00000000fcf00000,0x00000000fcf00000,0x00000000fe780000)
 ParOldGen       total 524288K, used 182580K [0x00000000d0000000, 0x00000000f0000000, 0x00000000f0000000)
  object space 524288K, 34% used [0x00000000d0000000,0x00000000db24d260,0x00000000f0000000)
 Metaspace       used 84365K, capacity 90390K, committed 90584K, reserved 1128448K
  class space    used 10159K, capacity 11870K, committed 11992K, reserved 1048576K
}
Event: 2058.813 GC heap before
{Heap before GC invocations=100 (full 3):
 PSYoungGen      total 236544K, used 220992K [0x00000000f0000000, 0x0000000100000000, 0x0000000100000000)
  eden space 211968K, 100% used [0x00000000f0000000,0x00000000fcf00000,0x00000000fcf00000)
  from space 24576K, 36% used [0x00000000fe800000,0x00000000ff0d02e0,0x0000000100000000)
  to   space 25088K, 0% used [0x00000000fcf00000,0x00000000fcf00000,0x00000000fe780000)
 ParOldGen       total 524288K, used 182580K [0x00000000d0000000, 0x00000000f0000000, 0x00000000f0000000)
  object space 524288K, 34% used [0x00000000d0000000,0x00000000db24d260,0x00000000f0000000)
 Metaspace       used 84376K, capacity 90426K, committed 90584K, reserved 1128448K
  class space    used 10162K, capacity 11876K, committed 11992K, reserved 1048576K
Event: 2058.821 GC heap after
Heap after GC invocations=100 (full 3):
 PSYoungGen      total 220160K, used 7776K [0x00000000f0000000, 0x0000000100000000, 0x0000000100000000)
  eden space 211968K, 0% used [0x00000000f0000000,0x00000000f0000000,0x00000000fcf00000)
  from space 8192K, 94% used [0x00000000fcf00000,0x00000000fd698000,0x00000000fd700000)
  to   space 25600K, 0% used [0x00000000fe700000,0x00000000fe700000,0x0000000100000000)
 ParOldGen       total 524288K, used 183302K [0x00000000d0000000, 0x00000000f0000000, 0x00000000f0000000)
  object space 524288K, 34% used [0x00000000d0000000,0x00000000db3019f0,0x00000000f0000000)
 Metaspace       used 84376K, capacity 90426K, committed 90584K, reserved 1128448K
  class space    used 10162K, capacity 11876K, committed 11992K, reserved 1048576K
}
Event: 2061.306 GC heap before
{Heap before GC invocations=101 (full 3):
 PSYoungGen      total 220160K, used 218717K [0x00000000f0000000, 0x0000000100000000, 0x0000000100000000)
  eden space 211968K, 99% used [0x00000000f0000000,0x00000000fcdff630,0x00000000fcf00000)
  from space 8192K, 94% used [0x00000000fcf00000,0x00000000fd698000,0x00000000fd700000)
  to   space 25600K, 0% used [0x00000000fe700000,0x00000000fe700000,0x0000000100000000)
 ParOldGen       total 524288K, used 183302K [0x00000000d0000000, 0x00000000f0000000, 0x00000000f0000000)
  object space 524288K, 34% used [0x00000000d0000000,0x00000000db3019f0,0x00000000f0000000)
 Metaspace       used 84403K, capacity 90468K, committed 90584K, reserved 1128448K
  class space    used 10166K, capacity 11883K, committed 11992K, reserved 1048576K
Event: 2061.315 GC heap after
Heap after GC invocations=101 (full 3):
 PSYoungGen      total 236544K, used 8173K [0x00000000f0000000, 0x0000000100000000, 0x0000000100000000)
  eden space 210944K, 0% used [0x00000000f0000000,0x00000000f0000000,0x00000000fce00000)
  from space 25600K, 31% used [0x00000000fe700000,0x00000000feefb5b8,0x0000000100000000)
  to   space 25600K, 0% used [0x00000000fce00000,0x00000000fce00000,0x00000000fe700000)
 ParOldGen       total 524288K, used 188618K [0x00000000d0000000, 0x00000000f0000000, 0x00000000f0000000)
  object space 524288K, 35% used [0x00000000d0000000,0x00000000db832a20,0x00000000f0000000)
 Metaspace       used 84403K, capacity 90468K, committed 90584K, reserved 1128448K
  class space    used 10166K, capacity 11883K, committed 11992K, reserved 1048576K
}
Event: 2069.948 GC heap before
{Heap before GC invocations=102 (full 3):
 PSYoungGen      total 236544K, used 219117K [0x00000000f0000000, 0x0000000100000000, 0x0000000100000000)
  eden space 210944K, 100% used [0x00000000f0000000,0x00000000fce00000,0x00000000fce00000)
  from space 25600K, 31% used [0x00000000fe700000,0x00000000feefb5b8,0x0000000100000000)
  to   space 25600K, 0% used [0x00000000fce00000,0x00000000fce00000,0x00000000fe700000)
 ParOldGen       total 524288K, used 188618K [0x00000000d0000000, 0x00000000f0000000, 0x00000000f0000000)
  object space 524288K, 35% used [0x00000000d0000000,0x00000000db832a20,0x00000000f0000000)
 Metaspace       used 84510K, capacity 90660K, committed 90840K, reserved 1128448K
  class space    used 10184K, capacity 11967K, committed 11992K, reserved 1048576K
Event: 2069.954 GC heap after
Heap after GC invocations=102 (full 3):
 PSYoungGen      total 213504K, used 2368K [0x00000000f0000000, 0x0000000100000000, 0x0000000100000000)
  eden space 210944K, 0% used [0x00000000f0000000,0x00000000f0000000,0x00000000fce00000)
  from space 2560K, 92% used [0x00000000fce00000,0x00000000fd050000,0x00000000fd080000)
  to   space 26112K, 0% used [0x00000000fe680000,0x00000000fe680000,0x0000000100000000)
 ParOldGen       total 524288K, used 188810K [0x00000000d0000000, 0x00000000f0000000, 0x00000000f0000000)
  object space 524288K, 36% used [0x00000000d0000000,0x00000000db862a20,0x00000000f0000000)
 Metaspace       used 84510K, capacity 90660K, committed 90840K, reserved 1128448K
  class space    used 10184K, capacity 11967K, committed 11992K, reserved 1048576K
}

Deoptimization events (0 events):
No events

Internal exceptions (10 events):
Event: 2070.043 Thread 0x000000001dae5800 Exception <a 'java/security/PrivilegedActionException'> (0x00000000f11743c0) thrown at [D:\re\workspace\8-2-build-windows-amd64-cygwin\jdk8u25\1677\hotspot\src\share\vm\prims\jvm.cpp, line 1312]
Event: 2070.053 Thread 0x000000001dae5800 Exception <a 'java/security/PrivilegedActionException'> (0x00000000f12f2218) thrown at [D:\re\workspace\8-2-build-windows-amd64-cygwin\jdk8u25\1677\hotspot\src\share\vm\prims\jvm.cpp, line 1312]
Event: 2070.054 Thread 0x000000001dae5800 Exception <a 'java/security/PrivilegedActionException'> (0x00000000f12ff088) thrown at [D:\re\workspace\8-2-build-windows-amd64-cygwin\jdk8u25\1677\hotspot\src\share\vm\prims\jvm.cpp, line 1312]
Event: 2070.054 Thread 0x000000001dae5800 Exception <a 'java/security/PrivilegedActionException'> (0x00000000f1301728) thrown at [D:\re\workspace\8-2-build-windows-amd64-cygwin\jdk8u25\1677\hotspot\src\share\vm\prims\jvm.cpp, line 1312]
Event: 2070.054 Thread 0x000000001dae5800 Exception <a 'java/security/PrivilegedActionException'> (0x00000000f130e598) thrown at [D:\re\workspace\8-2-build-windows-amd64-cygwin\jdk8u25\1677\hotspot\src\share\vm\prims\jvm.cpp, line 1312]
Event: 2070.054 Thread 0x000000001dae5800 Exception <a 'java/security/PrivilegedActionException'> (0x00000000f1310490) thrown at [D:\re\workspace\8-2-build-windows-amd64-cygwin\jdk8u25\1677\hotspot\src\share\vm\prims\jvm.cpp, line 1312]
Event: 2070.054 Thread 0x000000001dae5800 Exception <a 'java/security/PrivilegedActionException'> (0x00000000f131e6a8) thrown at [D:\re\workspace\8-2-build-windows-amd64-cygwin\jdk8u25\1677\hotspot\src\share\vm\prims\jvm.cpp, line 1312]
Event: 2070.055 Thread 0x000000001dae5800 Exception <a 'java/security/PrivilegedActionException'> (0x00000000f1320da0) thrown at [D:\re\workspace\8-2-build-windows-amd64-cygwin\jdk8u25\1677\hotspot\src\share\vm\prims\jvm.cpp, line 1312]
Event: 2070.055 Thread 0x000000001dae5800 Exception <a 'java/security/PrivilegedActionException'> (0x00000000f132efb8) thrown at [D:\re\workspace\8-2-build-windows-amd64-cygwin\jdk8u25\1677\hotspot\src\share\vm\prims\jvm.cpp, line 1312]
Event: 2070.170 Thread 0x000000001dae5800 Implicit null exception at 0x0000000002f55b06 to 0x0000000000000000

Events (10 events):
Event: 2070.168 Thread 0x000000001dae5800 DEOPT PACKING pc=0x0000000002b47c34 sp=0x000000001fc04c10
Event: 2070.168 Thread 0x000000001dae5800 DEOPT UNPACKING pc=0x00000000026075bf sp=0x000000001fc04b68 mode 1
Event: 2070.168 Thread 0x000000001dae5800 DEOPT PACKING pc=0x00000000037be8c4 sp=0x000000001fc04f10
Event: 2070.168 Thread 0x000000001dae5800 DEOPT UNPACKING pc=0x00000000026075bf sp=0x000000001fc04c58 mode 1
Event: 2070.168 Thread 0x000000001dae5800 DEOPT PACKING pc=0x0000000002b0a5dc sp=0x000000001fc04fa0
Event: 2070.168 Thread 0x000000001dae5800 DEOPT UNPACKING pc=0x00000000026075bf sp=0x000000001fc04cf0 mode 1
Event: 2070.168 Thread 0x000000001dae5800 DEOPT PACKING pc=0x0000000002f9f964 sp=0x000000001fc05020
Event: 2070.168 Thread 0x000000001dae5800 DEOPT UNPACKING pc=0x00000000026075bf sp=0x000000001fc04d68 mode 1
Event: 2070.168 Thread 0x000000001dae5800 DEOPT PACKING pc=0x00000000039bcaf4 sp=0x000000001fc050a0
Event: 2070.168 Thread 0x000000001dae5800 DEOPT UNPACKING pc=0x00000000026075bf sp=0x000000001fc04e10 mode 1


Dynamic libraries:
0x00007ff645f80000 - 0x00007ff645fb4000 	C:\Program Files\Java\jdk1.8.0_25\bin\java.exe
0x00007ffb34c50000 - 0x00007ffb34e11000 	C:\WINDOWS\SYSTEM32\ntdll.dll
0x00007ffb33d30000 - 0x00007ffb33ddd000 	C:\WINDOWS\system32\KERNEL32.DLL
0x00007ffb315c0000 - 0x00007ffb317a8000 	C:\WINDOWS\system32\KERNELBASE.dll
0x00007ffb34260000 - 0x00007ffb34307000 	C:\WINDOWS\system32\ADVAPI32.dll
0x00007ffb34b50000 - 0x00007ffb34bed000 	C:\WINDOWS\system32\msvcrt.dll
0x00007ffb34bf0000 - 0x00007ffb34c4b000 	C:\WINDOWS\system32\sechost.dll
0x00007ffb34880000 - 0x00007ffb3499c000 	C:\WINDOWS\system32\RPCRT4.dll
0x00007ffb33de0000 - 0x00007ffb33f36000 	C:\WINDOWS\system32\USER32.dll
0x00007ffb33f60000 - 0x00007ffb340e6000 	C:\WINDOWS\system32\GDI32.dll
0x00007ffb2a5d0000 - 0x00007ffb2a844000 	C:\WINDOWS\WinSxS\amd64_microsoft.windows.common-controls_6595b64144ccf1df_6.0.10586.0_none_8c15ae12515e1c22\COMCTL32.dll
0x00007ffb345a0000 - 0x00007ffb3481d000 	C:\WINDOWS\system32\combase.dll
0x00007ffb31350000 - 0x00007ffb313ba000 	C:\WINDOWS\system32\bcryptPrimitives.dll
0x00007ffb32240000 - 0x00007ffb3227b000 	C:\WINDOWS\system32\IMM32.DLL
0x0000000060b10000 - 0x0000000060be2000 	C:\Program Files\Java\jdk1.8.0_25\jre\bin\msvcr100.dll
0x000000005f110000 - 0x000000005f96a000 	C:\Program Files\Java\jdk1.8.0_25\jre\bin\server\jvm.dll
0x00007ffb340f0000 - 0x00007ffb340f8000 	C:\WINDOWS\system32\PSAPI.DLL
0x00007ffb210b0000 - 0x00007ffb210b9000 	C:\WINDOWS\SYSTEM32\WSOCK32.dll
0x00007ffb2f970000 - 0x00007ffb2f993000 	C:\WINDOWS\SYSTEM32\WINMM.dll
0x00007ffb32160000 - 0x00007ffb321cb000 	C:\WINDOWS\system32\WS2_32.dll
0x00007ffb2f830000 - 0x00007ffb2f85c000 	C:\WINDOWS\SYSTEM32\WINMMBASE.dll
0x00007ffb31300000 - 0x00007ffb31343000 	C:\WINDOWS\system32\cfgmgr32.dll
0x0000000060c20000 - 0x0000000060c2f000 	C:\Program Files\Java\jdk1.8.0_25\jre\bin\verify.dll
0x0000000060ae0000 - 0x0000000060b08000 	C:\Program Files\Java\jdk1.8.0_25\jre\bin\java.dll
0x0000000061610000 - 0x0000000061633000 	C:\Program Files\Java\jdk1.8.0_25\jre\bin\instrument.dll
0x00000000615d0000 - 0x0000000061605000 	C:\Program Files\Java\jdk1.8.0_25\jre\bin\jdwp.dll
0x00000000615c0000 - 0x00000000615c8000 	C:\Program Files\Java\jdk1.8.0_25\jre\bin\npt.dll
0x0000000060c00000 - 0x0000000060c16000 	C:\Program Files\Java\jdk1.8.0_25\jre\bin\zip.dll
0x00007ffb32330000 - 0x00007ffb3388f000 	C:\WINDOWS\system32\SHELL32.dll
0x00007ffb317b0000 - 0x00007ffb31df4000 	C:\WINDOWS\system32\windows.storage.dll
0x00007ffb33cd0000 - 0x00007ffb33d22000 	C:\WINDOWS\system32\shlwapi.dll
0x00007ffb312f0000 - 0x00007ffb312ff000 	C:\WINDOWS\system32\kernel.appcore.dll
0x00007ffb313c0000 - 0x00007ffb31475000 	C:\WINDOWS\system32\shcore.dll
0x00007ffb312a0000 - 0x00007ffb312eb000 	C:\WINDOWS\system32\powrprof.dll
0x00007ffb31270000 - 0x00007ffb31284000 	C:\WINDOWS\system32\profapi.dll
0x00000000615b0000 - 0x00000000615b9000 	C:\Program Files\Java\jdk1.8.0_25\jre\bin\dt_socket.dll
0x00007ffb30ba0000 - 0x00007ffb30bfc000 	C:\WINDOWS\system32\mswsock.dll
0x0000000060ac0000 - 0x0000000060ada000 	C:\Program Files\Java\jdk1.8.0_25\jre\bin\net.dll
0x00007ffb20de0000 - 0x00007ffb20df6000 	C:\WINDOWS\system32\napinsp.dll
0x00007ffb20ca0000 - 0x00007ffb20cba000 	C:\WINDOWS\system32\pnrpnsp.dll
0x00007ffb2f0d0000 - 0x00007ffb2f0e8000 	C:\WINDOWS\system32\NLAapi.dll
0x00007ffb2fc90000 - 0x00007ffb2fd3a000 	C:\WINDOWS\SYSTEM32\DNSAPI.dll
0x00007ffb33890000 - 0x00007ffb33898000 	C:\WINDOWS\system32\NSI.dll
0x00007ffb20c50000 - 0x00007ffb20c5d000 	C:\WINDOWS\System32\winrnr.dll
0x00007ffb28960000 - 0x00007ffb2896a000 	C:\Windows\System32\rasadhlp.dll
0x00007ffb2df20000 - 0x00007ffb2df58000 	C:\WINDOWS\SYSTEM32\IPHLPAPI.DLL
0x00007ffb28ad0000 - 0x00007ffb28b37000 	C:\WINDOWS\System32\fwpuclnt.dll
0x00007ffb311a0000 - 0x00007ffb311c9000 	C:\WINDOWS\SYSTEM32\bcrypt.dll
0x00000000615a0000 - 0x00000000615ad000 	C:\Program Files\Java\jdk1.8.0_25\jre\bin\management.dll
0x0000000060aa0000 - 0x0000000060ab1000 	C:\Program Files\Java\jdk1.8.0_25\jre\bin\nio.dll
0x00007ffb30c50000 - 0x00007ffb30c67000 	C:\WINDOWS\SYSTEM32\CRYPTSP.dll
0x00007ffb30880000 - 0x00007ffb308b4000 	C:\WINDOWS\system32\rsaenh.dll
0x00007ffb30a30000 - 0x00007ffb30a4f000 	C:\WINDOWS\SYSTEM32\USERENV.dll
0x00007ffb30d70000 - 0x00007ffb30d7b000 	C:\WINDOWS\SYSTEM32\CRYPTBASE.dll
0x00007ffb2c950000 - 0x00007ffb2c966000 	C:\WINDOWS\SYSTEM32\dhcpcsvc6.DLL
0x00007ffb2c8d0000 - 0x00007ffb2c8ea000 	C:\WINDOWS\SYSTEM32\dhcpcsvc.DLL
0x00007ffb1f220000 - 0x00007ffb1f3ac000 	C:\WINDOWS\SYSTEM32\dbghelp.dll

VM Arguments:
jvm_args: -Dgrails.env=development -Dgrails.full.stacktrace -Dinfo.app.grailsVersion=3.0.9 -Dinfo.app.name=fork -Dinfo.app.version=0.1 -Dspringloaded=inclusions=grails.plugins..* -XX:+TieredCompilation -XX:TieredStopAtLevel=1 -XX:CICompilerCount=3 -javaagent:C:\Users\sirke\.gradle\caches\modules-2\files-2.1\org.springframework\springloaded\1.2.4.RELEASE\903fb9c6a6a93326dc4e89731d584faebd6bd435\springloaded-1.2.4.RELEASE.jar -Xverify:none -XX:+TieredCompilation -XX:TieredStopAtLevel=1 -XX:CICompilerCount=3 -javaagent:C:\Users\sirke\.gradle\caches\modules-2\files-2.1\org.springframework\springloaded\1.2.4.RELEASE\903fb9c6a6a93326dc4e89731d584faebd6bd435\springloaded-1.2.4.RELEASE.jar -Xverify:none -agentlib:jdwp=transport=dt_socket,server=n,suspend=y,address=49263 -Xms768m -Xmx768m -Dfile.encoding=windows-1250 -Duser.country=GB -Duser.language=en -Duser.variant 
java_command: fork.Application
java_class_path (initial): E:\Git\repositories\fork\build\classes\main;E:\Git\repositories\fork\build\resources\main;E:\Git\repositories\fork\gsp-classes;C:\Users\sirke\.gradle\caches\modules-2\files-2.1\org.springframework.boot\spring-boot-starter-logging\1.2.6.RELEASE\705098e35b3a95c6353632077702d079e20199cf\spring-boot-starter-logging-1.2.6.RELEASE.jar;C:\Users\sirke\.gradle\caches\modules-2\files-2.1\org.springframework.boot\spring-boot-starter-actuator\1.2.6.RELEASE\225440542e6ef7c577ac65ba7cc1e86041706074\spring-boot-starter-actuator-1.2.6.RELEASE.jar;C:\Users\sirke\.gradle\caches\modules-2\files-2.1\org.springframework.boot\spring-boot-autoconfigure\1.2.6.RELEASE\bfabd0f400672b42fa5ace228341fa77a6a9ba4e\spring-boot-autoconfigure-1.2.6.RELEASE.jar;C:\Users\sirke\.gradle\caches\modules-2\files-2.1\org.grails\grails-web-boot\3.0.9\e2d6e578d11cc05f8caf899b6eb91bf0d4f250d3\grails-web-boot-3.0.9.jar;C:\Users\sirke\.gradle\caches\modules-2\files-2.1\org.grails.plugins\hibernate\4.3.10.7\252ea1ce72206ed6b4bf61f28eb3595152f0248c\hibernate-4.3.10.7.jar;C:\Users\sirke\.gradle\caches\modules-2\files-2.1\org.grails.plugins\cache\3.0.1\7a360b62877f81907d9aa6f76b8019912d3a2031\cache-3.0.1.jar;C:\Users\sirke\.gradle\caches\modules-2\files-2.1\org.hibernate\hibernate-ehcache\4.3.11.Final\cea0e6aba102c00cf899bd547c338fcf54468433\hibernate-ehcache-4.3.11.Final.jar;C:\Users\sirke\.gradle\caches\modules-2\files-2.1\org.grails.plugins\scaffolding\3.1.2\70559775aa9169ee155a70dd1a66f271eccdccee\scaffolding-3.1.2.jar;C:\Users\sirke\.gradle\caches\modules-2\files-2.1\org.grails.plugins\spring-security-core\3.0.0.M1\edd31e635d67d65e72b5a7384778e1988a1054d0\spring-security-core-3.0.0.M1.jar;C:\Users\sirke\.gradle\caches\modules-2\files-2.1\org.springframework.boot\spring-boot-starter-tomcat\1.2.6.RELEASE\83c3287f489e2749d97e725463acc7989002e15\spring-boot-starter-tomcat-1.2.6.RELEASE.jar;C:\Users\sirke\.gradle\caches\modules-2\files-2.1\org.grails.plugins\asset-pipeline\3.0.8\95bf23fd
Launcher Type: SUN_STANDARD

Environment Variables:
JAVA_HOME=C:\Program Files\Java\jdk1.8.0_45
PATH=C:\ProgramData\Oracle\Java\javapath;C:\Program Files (x86)\Intel\iCLS Client\;C:\Program Files\Intel\iCLS Client\;C:\Windows\system32;C:\Windows;C:\Windows\System32\Wbem;C:\Windows\System32\WindowsPowerShell\v1.0\;C:\Program Files (x86)\Intel\Intel(R) Management Engine Components\DAL;C:\Program Files\Intel\Intel(R) Management Engine Components\DAL;C:\Program Files (x86)\Intel\Intel(R) Management Engine Components\IPT;C:\Program Files\Intel\Intel(R) Management Engine Components\IPT;C:\Program Files (x86)\NVIDIA Corporation\PhysX\Common;%JAVA_HOME%\bin;D:\Grails\grails-3.0.2\bin;C:\WINDOWS\system32;C:\WINDOWS;C:\WINDOWS\System32\Wbem;C:\WINDOWS\System32\WindowsPowerShell\v1.0\;C:\Program Files (x86)\Skype\Phone\;C:\WINDOWS\system32\config\systemprofile\.dnx\bin;C:\Program Files\Microsoft DNX\Dnvm\;C:\Program Files (x86)\Windows Kits\8.1\Windows Performance Toolkit\;C:\Program Files\Microsoft SQL Server\120\Tools\Binn\
USERNAME=sirke
OS=Windows_NT
PROCESSOR_IDENTIFIER=Intel64 Family 6 Model 60 Stepping 3, GenuineIntel



---------------  S Y S T E M  ---------------

OS: Windows 8.1 , 64 bit Build 9600 

CPU:total 4 (4 cores per cpu, 1 threads per core) family 6 model 60 stepping 3, cmov, cx8, fxsr, mmx, sse, sse2, sse3, ssse3, sse4.1, sse4.2, popcnt, avx, avx2, aes, clmul, erms, lzcnt, tsc, tscinvbit, bmi1, bmi2

Memory: 4k page, physical 8325956k(2242988k free), swap 12972132k(2365384k free)

vm_info: Java HotSpot(TM) 64-Bit Server VM (25.25-b02) for windows-amd64 JRE (1.8.0_25-b18), built on Oct  7 2014 14:25:37 by "java_re" with MS VC++ 10.0 (VS2010)

time: Sun Nov 15 17:13:05 2015
elapsed time: 2070 seconds (0d 0h 34m 30s)

